extract_metadata: 0.03940725326538086
detect_features: 1.9980832720175385
match_features: 0.9399584829807281
create_tracks: 0.10645218612626195
reconstruct: 0.8703386783599854
extract_metadata: 0.014515399932861328
detect_features: 0.00040188105776906013
match_features: 0.9589486634358764
create_tracks: 0.10125497123226523
reconstruct: 0.8842287063598633
extract_metadata: 0.01434946060180664
detect_features: 0.00039295386523008347
match_features: 0.9392210529185832
create_tracks: 0.10246773436665535
reconstruct: 0.9003441333770752
extract_metadata: 0.014860391616821289
detect_features: 0.0004092208109796047
match_features: 0.9545843456871808
create_tracks: 0.11037166090682149
reconstruct: 0.8637852668762207
extract_metadata: 0.01771712303161621
detect_features: 0.00038649095222353935
match_features: 0.9393301419913769
create_tracks: 0.10168224200606346
extract_metadata: 0.014805078506469727
detect_features: 0.0004227706231176853
extract_metadata: 0.014457941055297852
detect_features: 0.0003884928300976753
match_features: 0.9446910168044269
create_tracks: 0.10530033195391297
reconstruct: 0.9173157215118408
extract_metadata: 0.014586925506591797
detect_features: 0.0004329560324549675
extract_metadata: 0.014849662780761719
detect_features: 0.00040179304778575897
match_features: 0.9452020991593599
create_tracks: 0.1048275432549417
reconstruct: 0.8855743408203125
detect_features: 0.0003987569361925125
match_features: 0.9258627807721496
create_tracks: 0.1035694107413292
create_tracks: 0.10446072416380048
detect_features: 0.0004068128764629364
create_tracks: 0.10493564791977406
reconstruct: 0.9112958908081055
extract_metadata: 0.01444697380065918
detect_features: 0.00039725471287965775
match_features: 0.9438471039757133
